<?xml version="1.0" encoding="UTF-8"?>
<!-- Generated by org.testng.reporters.JUnitXMLReporter -->
<testsuite ignored="1" hostname="DESKTOP-0NISBQS" failures="0" tests="17" name="Default test" time="249.572" errors="0" timestamp="2020-09-07T11:19:42 IST">
  <testcase classname="executionPackage.Groupchat_test" name="create_group" time="14.523"/>
  <testcase classname="executionPackage.Groupchat_test" name="getgroup_name" time="3.269"/>
  <testcase classname="executionPackage.Groupchat_test" name="sendtxt" time="4.773"/>
  <testcase classname="executionPackage.Groupchat_test" name="send_imges" time="10.706"/>
  <testcase classname="executionPackage.Groupchat_test" name="send_documents" time="6.472"/>
  <testcase classname="executionPackage.Groupchat_test" name="send_videos" time="16.949"/>
  <testcase classname="executionPackage.Groupchat_test" name="send_audios" time="3.176"/>
  <testcase classname="executionPackage.Groupchat_test" name="send_currentlocation" time="17.058"/>
  <testcase classname="executionPackage.Groupchat_test" name="send_cameraphoto" time="11.877"/>
  <testcase classname="executionPackage.Groupchat_test" name="record_audio" time="8.512"/>
  <testcase classname="executionPackage.Groupchat_test" name="make_admin" time="86.635"/>
  <testcase classname="executionPackage.Groupchat_test" name="reply_message" time="11.242"/>
  <testcase classname="executionPackage.Groupchat_test" name="forward_message" time="10.221"/>
  <testcase classname="executionPackage.Groupchat_test" name="mute_contact" time="8.939"/>
  <testcase classname="executionPackage.Groupchat_test" name="unmute_conact" time="13.467"/>
  <testcase classname="executionPackage.Groupchat_test" name="exit_group" time="4.732"/>
  <testcase classname="executionPackage.Groupchat_test" name="delete_group" time="5.006"/>
  <testcase classname="executionPackage.Groupchat_test" name="send_differentlocation" time="0.0">
    <ignored/>
  </testcase> <!-- send_differentlocation -->
</testsuite> <!-- Default test -->
